Sat Jul 24 21:10:35 2010 :: Loading socials
Sat Jul 24 21:10:35 2010 :: loading mstrhelp.are...
Sat Jul 24 21:10:35 2010 :: loading limbo.are...
Sat Jul 24 21:10:35 2010 :: loading immgrnd.are...
Sat Jul 24 21:10:35 2010 :: loading school.are...
Sat Jul 24 21:10:35 2010 :: loading academy.are...
Sat Jul 24 21:10:35 2010 :: loading bandit.are...
Sat Jul 24 21:10:35 2010 :: loading hell.are...
Sat Jul 24 21:10:35 2010 :: loading dwrffort.are...
Sat Jul 24 21:10:35 2010 :: loading clanhq1.are...
Sat Jul 24 21:10:35 2010 :: loading android.are...
Sat Jul 24 21:10:35 2010 :: loading viking.are...
Sat Jul 24 21:10:35 2010 :: loading hedgemze.are...
Sat Jul 24 21:10:35 2010 :: loading lostvall.are...
Sat Jul 24 21:10:35 2010 :: loading clanhq2.are...
Sat Jul 24 21:10:35 2010 :: loading proto1.are...
Sat Jul 24 21:10:35 2010 :: loading clanhq3.are...
Sat Jul 24 21:10:35 2010 :: loading clanhq4.are...
Sat Jul 24 21:10:35 2010 :: loading clanhq5.are...
Sat Jul 24 21:10:35 2010 :: loading clanhq6.are...
Sat Jul 24 21:10:35 2010 :: loading trollmtn.are...
Sat Jul 24 21:10:35 2010 :: loading dwarfmtn.are...
Sat Jul 24 21:10:35 2010 :: loading saphrim.are...
Sat Jul 24 21:10:35 2010 :: loading tarpits.are...
Sat Jul 24 21:10:35 2010 :: loading arena.are...
Sat Jul 24 21:10:35 2010 :: loading bretpt1.are...
Sat Jul 24 21:10:35 2010 :: loading blacktwr.are...
Sat Jul 24 21:10:35 2010 :: loading wyvern.are...
Sat Jul 24 21:10:35 2010 :: loading aeyrie.are...
Sat Jul 24 21:10:35 2010 :: loading proto2.are...
Sat Jul 24 21:10:35 2010 :: loading methic.are...
Sat Jul 24 21:10:35 2010 :: loading sgcastle.are...
Sat Jul 24 21:10:35 2010 :: loading bretpt3.are...
Sat Jul 24 21:10:35 2010 :: loading druidkp.are...
Sat Jul 24 21:10:35 2010 :: loading proto3.are...
Sat Jul 24 21:10:35 2010 :: loading aurum.are...
Sat Jul 24 21:10:35 2010 :: loading proto4.are...
Sat Jul 24 21:10:35 2010 :: loading proto5.are...
Sat Jul 24 21:10:35 2010 :: loading menedek.are...
Sat Jul 24 21:10:35 2010 :: loading gravshft.are...
Sat Jul 24 21:10:35 2010 :: loading daemonlr.are...
Sat Jul 24 21:10:35 2010 :: loading proto7.are...
Sat Jul 24 21:10:35 2010 :: loading proto8.are...
Sat Jul 24 21:10:35 2010 :: loading shangil.are...
Sat Jul 24 21:10:35 2010 :: loading futmethe.are...
Sat Jul 24 21:10:35 2010 :: loading clockwrk.are...
Sat Jul 24 21:10:35 2010 :: loading clanhq8.are...
Sat Jul 24 21:10:35 2010 :: loading summrset.are...
Sat Jul 24 21:10:35 2010 :: loading mistmtns.are...
Sat Jul 24 21:10:35 2010 :: loading revelstn.are...
Sat Jul 24 21:10:35 2010 :: loading bretpt4.are...
Sat Jul 24 21:10:35 2010 :: loading proto9.are...
Sat Jul 24 21:10:35 2010 :: loading relfaust.are...
Sat Jul 24 21:10:35 2010 :: loading tmpllan.are...
Sat Jul 24 21:10:35 2010 :: loading fortress.are...
Sat Jul 24 21:10:35 2010 :: loading proto11.are...
Sat Jul 24 21:10:35 2010 :: loading drgnval.are...
Sat Jul 24 21:10:35 2010 :: loading hammer.are...
Sat Jul 24 21:10:35 2010 :: loading graveyrd.are...
Sat Jul 24 21:10:35 2010 :: loading labyrnth.are...
Sat Jul 24 21:10:35 2010 :: loading dethfang.are...
Sat Jul 24 21:10:35 2010 :: loading brian.are...
Sat Jul 24 21:10:35 2010 :: loading goblnfrt.are...
Sat Jul 24 21:10:35 2010 :: loading immhome.are...
Sat Jul 24 21:10:35 2010 :: loading bretpt5.are...
Sat Jul 24 21:10:35 2010 :: loading pyramid.are...
Sat Jul 24 21:10:35 2010 :: loading mirrors.are...
Sat Jul 24 21:10:35 2010 :: loading theways.are...
Sat Jul 24 21:10:35 2010 :: loading methpark.are...
Sat Jul 24 21:10:35 2010 :: loading daemonkp.are...
Sat Jul 24 21:10:35 2010 :: loading guild1.are...
Sat Jul 24 21:10:35 2010 :: loading ovrwrldt.are...
Sat Jul 24 21:10:35 2010 :: loading ovrwrld.are...
Sat Jul 24 21:10:35 2010 :: loading proto16.are...
Sat Jul 24 21:10:35 2010 :: loading sorrwmst.are...
Sat Jul 24 21:10:35 2010 :: loading sewers.are...
Sat Jul 24 21:10:35 2010 :: loading proto17.are...
Sat Jul 24 21:10:35 2010 :: loading clanhq9.are...
Sat Jul 24 21:10:35 2010 :: loading arctic.are...
Sat Jul 24 21:10:35 2010 :: loading silvcstl.are...
Sat Jul 24 21:10:35 2010 :: loading serfvill.are...
Sat Jul 24 21:10:35 2010 :: loading bretpt2.are...
Sat Jul 24 21:10:35 2010 :: loading proto18.are...
Sat Jul 24 21:10:35 2010 :: loading grasfels.are...
Sat Jul 24 21:10:35 2010 :: loading proto19.are...
Sat Jul 24 21:10:35 2010 :: loading tmplthc.are...
Sat Jul 24 21:10:35 2010 :: loading tmpltaf.are...
Sat Jul 24 21:10:35 2010 :: loading tmplloj.are...
Sat Jul 24 21:10:35 2010 :: loading tmplcsi.are...
Sat Jul 24 21:10:35 2010 :: loading tmpldad.are...
Sat Jul 24 21:10:35 2010 :: loading zuggurat.are...
Sat Jul 24 21:10:35 2010 :: loading proto20.are...
Sat Jul 24 21:10:35 2010 :: loading religion.are...
Sat Jul 24 21:10:35 2010 :: loading methcity.are...
Sat Jul 24 21:10:35 2010 :: loading methfutr.are...
Sat Jul 24 21:10:35 2010 :: loading methfrst.are...
Sat Jul 24 21:10:35 2010 :: loading methfrs2.are...
Sat Jul 24 21:10:35 2010 :: loading asylum.are...
Sat Jul 24 21:10:35 2010 :: loading centaur.are...
Sat Jul 24 21:10:35 2010 :: loading temploop.are...
Sat Jul 24 21:10:35 2010 :: loading temple.are...
Sat Jul 24 21:10:35 2010 :: loading proto22.are...
Sat Jul 24 21:10:35 2010 :: loading tropfrst.are...
Sat Jul 24 21:10:35 2010 :: loading ruinasha.are...
Sat Jul 24 21:10:35 2010 :: loading proto23.are...
Sat Jul 24 21:10:35 2010 :: loading blckmoor.are...
Sat Jul 24 21:10:35 2010 :: loading proto24.are...
Sat Jul 24 21:10:35 2010 :: loading elnexus.are...
Sat Jul 24 21:10:35 2010 :: loading proto26.are...
Sat Jul 24 21:10:35 2010 :: loading proto27.are...
Sat Jul 24 21:10:35 2010 :: loading proto28.are...
Sat Jul 24 21:10:35 2010 :: loading proto29.are...
Sat Jul 24 21:10:35 2010 :: loading proto30.are...
Sat Jul 24 21:10:35 2010 :: loading tmpllmd.are...
Sat Jul 24 21:10:35 2010 :: loading proto31.are...
Sat Jul 24 21:10:35 2010 :: loading proto32.are...
Sat Jul 24 21:10:35 2010 :: [*****] BUG: Equip_char: serpent guard (A Serpent Guardian) already equipped at 5.
Sat Jul 24 21:10:35 2010 :: [*****] BUG: Equip_char: serpent guard (A Serpent Guardian) already equipped at 21.
Sat Jul 24 21:10:35 2010 :: [*****] BUG: Equip_char: serpent guard (A Serpent Guardian) already equipped at 20.
Sat Jul 24 21:10:35 2010 :: [*****] BUG: Equip_char: A Dark Dismal Tick Tock Guard (A Dark Dismal Tick Tock Guard Stands here) already equipped at 23.
Sat Jul 24 21:10:35 2010 :: [*****] BUG: Equip_char: Yoku'jin (The spirit of Yoku'jin) already equipped at 20.
Sat Jul 24 21:10:35 2010 :: [*****] BUG: Equip_char: Yoku'jin (The spirit of Yoku'jin) already equipped at 21.
Sat Jul 24 21:10:35 2010 :: [*****] BUG: Equip_char: Yoku'jin (The spirit of Yoku'jin) already equipped at 5.
Sat Jul 24 21:10:35 2010 :: [*****] BUG: Affect_modify: unknown location -99 on The weaponmaster.
Sat Jul 24 21:10:35 2010 :: [*****] BUG: Loading User_list...
Sat Jul 24 21:10:35 2010 :: [*****] BUG: Done Loading User List.
Sat Jul 24 21:10:35 2010 :: Loading disabled commands...
found 2 dead obj vnum ranges: Success
Adding to update 0, range 5226 - 5226
 : Success
added to an existing list item successfully
: Success
Adding to update 1, range 4801 - 4900
 : Success
Init_socket: bind: Address already in use
